2026-07-17T09:50:49.9441748-04:00 === acceptance attempt 1 ===
2026-07-17T09:50:49.9529444-04:00 OK: knowledge-entry.json exists
2026-07-17T09:50:49.9804808-04:00 6:  "summary": "Hub-compatible discovery seed for the maintained C4 guide pack under docs/architecture/. Derived / generated_consumer only ΓÇö Git remains canonical (AGENTS.md + docs/modules/*). Does not invent a second system of record.", 22:  "source_type": "git", 64:      "authority_class": "derived-memory" 70:      "authority_class": "derived-memory" 78:    "classification": "derived", 92:    "on_canonical_source_unavailable": "show-source-unavailable-never-substitute-derived-content" 94:  "x_generated_consumer": { 95:    "classification": "generated_consumer",
2026-07-17T09:50:49.9893096-04:00 OK: rg matches
2026-07-17T09:50:49.9962949-04:00 === npm run typecheck ===
2026-07-17T09:50:56.2121508-04:00 OK: typecheck
2026-07-17T09:51:03.7132686-04:00 === preflight pre-commit (Git Bash) ===
2026-07-17T09:51:03.7255038-04:00 Using bash: C:\Program Files\Git\bin\bash.exe
2026-07-17T09:51:04.2704186-04:00 preflight exit: 49
2026-07-17T09:51:30.9179135-04:00 Junctioned .venv from p4a
2026-07-17T09:51:30.9615972-04:00 === acceptance attempt 2: preflight with venv PATH ===
2026-07-17T09:51:45.7404961-04:00 preflight exit: 0
=== acceptance proof (final) ===
2026-07-17T09:51:55.2097126-04:00
test -f docs/architecture/knowledge-entry.json → OK
rg -n "derived|generated_consumer|source_type" docs/architecture/knowledge-entry.json → OK (matches)
npm run typecheck → exit 0
./scripts/preflight.sh --mode pre-commit (Git Bash + .venv) → exit 0
MC-Checkout: dsp_mroztjtv77zb5v (task dsp_mrozcfc51hd10o / TASK-501)
operator stamp requested: MC-Checkout: dsp_mrozcfc51hd10o
